0 info it worked if it ends with ok
1 verbose cli [ 'C:\\Program Files\\nodejs\\node.exe',
1 verbose cli   'C:\\Users\\Lewis\\AppData\\Roaming\\npm\\node_modules\\npm\\bin\\npm-cli.js',
1 verbose cli   'install',
1 verbose cli   'os-service' ]
2 info using npm@4.1.2
3 info using node@v6.9.4
4 silly loadCurrentTree Starting
5 silly install loadCurrentTree
6 silly install readLocalPackageData
7 silly fetchPackageMetaData os-service
8 silly fetchNamedPackageData os-service
9 silly mapToRegistry name os-service
10 silly mapToRegistry using default registry
11 silly mapToRegistry registry https://registry.npmjs.org/
12 silly mapToRegistry data Result {
12 silly mapToRegistry   raw: 'os-service',
12 silly mapToRegistry   scope: null,
12 silly mapToRegistry   escapedName: 'os-service',
12 silly mapToRegistry   name: 'os-service',
12 silly mapToRegistry   rawSpec: '',
12 silly mapToRegistry   spec: 'latest',
12 silly mapToRegistry   type: 'tag' }
13 silly mapToRegistry uri https://registry.npmjs.org/os-service
14 verbose request uri https://registry.npmjs.org/os-service
15 verbose request no auth needed
16 info attempt registry request try #1 at 8:46:22 PM
17 verbose request id b27f4576fa3d2607
18 http request GET https://registry.npmjs.org/os-service
19 http 200 https://registry.npmjs.org/os-service
20 verbose headers { server: 'nginx/1.10.3',
20 verbose headers   'content-type': 'application/json',
20 verbose headers   'last-modified': 'Mon, 27 Mar 2017 18:35:38 GMT',
20 verbose headers   etag: 'W/"58d95b7a-751e"',
20 verbose headers   'content-encoding': 'gzip',
20 verbose headers   'cache-control': 'max-age=300',
20 verbose headers   'content-length': '6981',
20 verbose headers   'accept-ranges': 'bytes',
20 verbose headers   date: 'Tue, 11 Jul 2017 10:44:42 GMT',
20 verbose headers   via: '1.1 varnish',
20 verbose headers   age: '0',
20 verbose headers   connection: 'keep-alive',
20 verbose headers   'x-served-by': 'cache-bne7722-BNE',
20 verbose headers   'x-cache': 'MISS',
20 verbose headers   'x-cache-hits': '0',
20 verbose headers   'x-timer': 'S1499769883.702981,VS0,VE47',
20 verbose headers   vary: 'Accept-Encoding, Accept' }
21 silly get cb [ 200,
21 silly get   { server: 'nginx/1.10.3',
21 silly get     'content-type': 'application/json',
21 silly get     'last-modified': 'Mon, 27 Mar 2017 18:35:38 GMT',
21 silly get     etag: 'W/"58d95b7a-751e"',
21 silly get     'content-encoding': 'gzip',
21 silly get     'cache-control': 'max-age=300',
21 silly get     'content-length': '6981',
21 silly get     'accept-ranges': 'bytes',
21 silly get     date: 'Tue, 11 Jul 2017 10:44:42 GMT',
21 silly get     via: '1.1 varnish',
21 silly get     age: '0',
21 silly get     connection: 'keep-alive',
21 silly get     'x-served-by': 'cache-bne7722-BNE',
21 silly get     'x-cache': 'MISS',
21 silly get     'x-cache-hits': '0',
21 silly get     'x-timer': 'S1499769883.702981,VS0,VE47',
21 silly get     vary: 'Accept-Encoding, Accept' } ]
22 verbose get saving os-service to C:\Users\Lewis\AppData\Roaming\npm-cache\registry.npmjs.org\os-service\.cache.json
23 verbose correctMkdir C:\Users\Lewis\AppData\Roaming\npm-cache correctMkdir not in flight; initializing
24 silly install normalizeTree
25 silly loadCurrentTree Finishing
26 silly loadIdealTree Starting
27 silly install loadIdealTree
28 silly cloneCurrentTree Starting
29 silly install cloneCurrentTreeToIdealTree
30 silly cloneCurrentTree Finishing
31 silly loadShrinkwrap Starting
32 silly install loadShrinkwrap
33 silly loadShrinkwrap Finishing
34 silly loadAllDepsIntoIdealTree Starting
35 silly install loadAllDepsIntoIdealTree
36 silly resolveWithNewModule os-service@1.4.1 checking installable status
37 silly cache add args [ 'os-service', null ]
38 verbose cache add spec os-service
39 silly cache add parsed spec Result {
39 silly cache add   raw: 'os-service',
39 silly cache add   scope: null,
39 silly cache add   escapedName: 'os-service',
39 silly cache add   name: 'os-service',
39 silly cache add   rawSpec: '',
39 silly cache add   spec: 'latest',
39 silly cache add   type: 'tag' }
40 silly addNamed os-service@latest
41 verbose addNamed "latest" is being treated as a dist-tag for os-service
42 info addNameTag [ 'os-service', 'latest' ]
43 silly mapToRegistry name os-service
44 silly mapToRegistry using default registry
45 silly mapToRegistry registry https://registry.npmjs.org/
46 silly mapToRegistry data Result {
46 silly mapToRegistry   raw: 'os-service',
46 silly mapToRegistry   scope: null,
46 silly mapToRegistry   escapedName: 'os-service',
46 silly mapToRegistry   name: 'os-service',
46 silly mapToRegistry   rawSpec: '',
46 silly mapToRegistry   spec: 'latest',
46 silly mapToRegistry   type: 'tag' }
47 silly mapToRegistry uri https://registry.npmjs.org/os-service
48 verbose addNameTag registry:https://registry.npmjs.org/os-service not in flight; fetching
49 verbose get https://registry.npmjs.org/os-service not expired, no request
50 silly addNameTag next cb for os-service with tag latest
51 silly addNamed os-service@1.4.1
52 verbose addNamed "1.4.1" is a plain semver version for os-service
53 silly mapToRegistry name os-service
54 silly mapToRegistry using default registry
55 silly mapToRegistry registry https://registry.npmjs.org/
56 silly mapToRegistry data Result {
56 silly mapToRegistry   raw: 'os-service',
56 silly mapToRegistry   scope: null,
56 silly mapToRegistry   escapedName: 'os-service',
56 silly mapToRegistry   name: 'os-service',
56 silly mapToRegistry   rawSpec: '',
56 silly mapToRegistry   spec: 'latest',
56 silly mapToRegistry   type: 'tag' }
57 silly mapToRegistry uri https://registry.npmjs.org/os-service
58 verbose addRemoteTarball https://registry.npmjs.org/os-service/-/os-service-1.4.1.tgz not in flight; adding
59 verbose addRemoteTarball [ 'https://registry.npmjs.org/os-service/-/os-service-1.4.1.tgz',
59 verbose addRemoteTarball   '81675cabc1abe67b4af43cbfe4e7653254c588e6' ]
60 info retry fetch attempt 1 at 8:46:24 PM
61 info attempt registry request try #1 at 8:46:24 PM
62 http fetch GET https://registry.npmjs.org/os-service/-/os-service-1.4.1.tgz
63 http fetch 200 https://registry.npmjs.org/os-service/-/os-service-1.4.1.tgz
64 silly fetchAndShaCheck shasum 81675cabc1abe67b4af43cbfe4e7653254c588e6
65 verbose addTmpTarball C:\Users\Lewis\AppData\Local\Temp\npm-2736-295820c3\registry.npmjs.org\os-service\-\os-service-1.4.1.tgz not in flight; adding
66 verbose addTmpTarball already have metadata; skipping unpack for os-service@1.4.1
67 verbose correctMkdir C:\Users\Lewis\AppData\Roaming\npm-cache correctMkdir not in flight; initializing
68 silly cache afterAdd os-service@1.4.1
69 verbose afterAdd C:\Users\Lewis\AppData\Roaming\npm-cache\os-service\1.4.1\package\package.json not in flight; writing
70 verbose correctMkdir C:\Users\Lewis\AppData\Roaming\npm-cache correctMkdir not in flight; initializing
71 verbose afterAdd C:\Users\Lewis\AppData\Roaming\npm-cache\os-service\1.4.1\package\package.json written
72 silly fetchNamedPackageData nan
73 silly mapToRegistry name nan
74 silly mapToRegistry using default registry
75 silly mapToRegistry registry https://registry.npmjs.org/
76 silly mapToRegistry data Result {
76 silly mapToRegistry   raw: 'nan',
76 silly mapToRegistry   scope: null,
76 silly mapToRegistry   escapedName: 'nan',
76 silly mapToRegistry   name: 'nan',
76 silly mapToRegistry   rawSpec: '',
76 silly mapToRegistry   spec: 'latest',
76 silly mapToRegistry   type: 'tag' }
77 silly mapToRegistry uri https://registry.npmjs.org/nan
78 verbose request uri https://registry.npmjs.org/nan
79 verbose request no auth needed
80 info attempt registry request try #1 at 8:46:24 PM
81 verbose etag W/"592dfb8f-1f9f8"
82 verbose lastModified Tue, 30 May 2017 23:09:03 GMT
83 http request GET https://registry.npmjs.org/nan
84 http 304 https://registry.npmjs.org/nan
85 verbose headers { date: 'Tue, 11 Jul 2017 10:44:43 GMT',
85 verbose headers   via: '1.1 varnish',
85 verbose headers   'cache-control': 'max-age=300',
85 verbose headers   etag: 'W/"592dfb8f-1f9f8"',
85 verbose headers   age: '0',
85 verbose headers   connection: 'keep-alive',
85 verbose headers   'x-served-by': 'cache-bne7722-BNE',
85 verbose headers   'x-cache': 'HIT',
85 verbose headers   'x-cache-hits': '1',
85 verbose headers   'x-timer': 'S1499769884.870568,VS0,VE13',
85 verbose headers   vary: 'Accept-Encoding, Accept' }
86 silly get cb [ 304,
86 silly get   { date: 'Tue, 11 Jul 2017 10:44:43 GMT',
86 silly get     via: '1.1 varnish',
86 silly get     'cache-control': 'max-age=300',
86 silly get     etag: 'W/"592dfb8f-1f9f8"',
86 silly get     age: '0',
86 silly get     connection: 'keep-alive',
86 silly get     'x-served-by': 'cache-bne7722-BNE',
86 silly get     'x-cache': 'HIT',
86 silly get     'x-cache-hits': '1',
86 silly get     'x-timer': 'S1499769884.870568,VS0,VE13',
86 silly get     vary: 'Accept-Encoding, Accept' } ]
87 verbose etag https://registry.npmjs.org/nan from cache
88 verbose get saving nan to C:\Users\Lewis\AppData\Roaming\npm-cache\registry.npmjs.org\nan\.cache.json
89 verbose correctMkdir C:\Users\Lewis\AppData\Roaming\npm-cache correctMkdir not in flight; initializing
90 silly pickManifestFromRegistryMetadata spec >=2.3.0 <2.4.0 tag latest versions [ '0.3.0-wip',
90 silly pickManifestFromRegistryMetadata   '0.3.0-wip2',
90 silly pickManifestFromRegistryMetadata   '0.3.0',
90 silly pickManifestFromRegistryMetadata   '0.3.1',
90 silly pickManifestFromRegistryMetadata   '0.3.2',
90 silly pickManifestFromRegistryMetadata   '0.4.0',
90 silly pickManifestFromRegistryMetadata   '0.4.1',
90 silly pickManifestFromRegistryMetadata   '0.4.2',
90 silly pickManifestFromRegistryMetadata   '0.4.3',
90 silly pickManifestFromRegistryMetadata   '0.4.4',
90 silly pickManifestFromRegistryMetadata   '0.5.0',
90 silly pickManifestFromRegistryMetadata   '0.5.1',
90 silly pickManifestFromRegistryMetadata   '0.5.2',
90 silly pickManifestFromRegistryMetadata   '0.6.0',
90 silly pickManifestFromRegistryMetadata   '0.7.0',
90 silly pickManifestFromRegistryMetadata   '0.7.1',
90 silly pickManifestFromRegistryMetadata   '0.8.0',
90 silly pickManifestFromRegistryMetadata   '1.0.0',
90 silly pickManifestFromRegistryMetadata   '1.1.0',
90 silly pickManifestFromRegistryMetadata   '1.1.1',
90 silly pickManifestFromRegistryMetadata   '1.1.2',
90 silly pickManifestFromRegistryMetadata   '1.2.0',
90 silly pickManifestFromRegistryMetadata   '1.3.0',
90 silly pickManifestFromRegistryMetadata   '1.4.0',
90 silly pickManifestFromRegistryMetadata   '1.4.1',
90 silly pickManifestFromRegistryMetadata   '1.5.0',
90 silly pickManifestFromRegistryMetadata   '1.4.2',
90 silly pickManifestFromRegistryMetadata   '1.4.3',
90 silly pickManifestFromRegistryMetadata   '1.5.1',
90 silly pickManifestFromRegistryMetadata   '1.5.2',
90 silly pickManifestFromRegistryMetadata   '1.6.0',
90 silly pickManifestFromRegistryMetadata   '1.5.3',
90 silly pickManifestFromRegistryMetadata   '1.6.1',
90 silly pickManifestFromRegistryMetadata   '1.6.2',
90 silly pickManifestFromRegistryMetadata   '1.7.0',
90 silly pickManifestFromRegistryMetadata   '1.8.0',
90 silly pickManifestFromRegistryMetadata   '1.8.1',
90 silly pickManifestFromRegistryMetadata   '1.8.2',
90 silly pickManifestFromRegistryMetadata   '1.8.3',
90 silly pickManifestFromRegistryMetadata   '1.8.4',
90 silly pickManifestFromRegistryMetadata   '1.9.0',
90 silly pickManifestFromRegistryMetadata   '2.0.0',
90 silly pickManifestFromRegistryMetadata   '2.0.1',
90 silly pickManifestFromRegistryMetadata   '2.0.2',
90 silly pickManifestFromRegistryMetadata   '2.0.3',
90 silly pickManifestFromRegistryMetadata   '2.0.4',
90 silly pickManifestFromRegistryMetadata   '2.0.5',
90 silly pickManifestFromRegistryMetadata   '2.0.6',
90 silly pickManifestFromRegistryMetadata   '2.0.7',
90 silly pickManifestFromRegistryMetadata   '2.0.8',
90 silly pickManifestFromRegistryMetadata   '2.0.9',
90 silly pickManifestFromRegistryMetadata   '2.1.0',
90 silly pickManifestFromRegistryMetadata   '2.2.0',
90 silly pickManifestFromRegistryMetadata   '2.2.1',
90 silly pickManifestFromRegistryMetadata   '2.3.0',
90 silly pickManifestFromRegistryMetadata   '2.3.1',
90 silly pickManifestFromRegistryMetadata   '2.3.2',
90 silly pickManifestFromRegistryMetadata   '2.3.3',
90 silly pickManifestFromRegistryMetadata   '2.3.4',
90 silly pickManifestFromRegistryMetadata   '2.3.5',
90 silly pickManifestFromRegistryMetadata   '2.4.0',
90 silly pickManifestFromRegistryMetadata   '2.5.0',
90 silly pickManifestFromRegistryMetadata   '2.5.1',
90 silly pickManifestFromRegistryMetadata   '2.6.0',
90 silly pickManifestFromRegistryMetadata   '2.6.1',
90 silly pickManifestFromRegistryMetadata   '2.6.2' ]
91 silly resolveWithNewModule nan@2.3.5 checking installable status
92 silly cache add args [ 'nan@2.3.x', null ]
93 verbose cache add spec nan@2.3.x
94 silly cache add parsed spec Result {
94 silly cache add   raw: 'nan@2.3.x',
94 silly cache add   scope: null,
94 silly cache add   escapedName: 'nan',
94 silly cache add   name: 'nan',
94 silly cache add   rawSpec: '2.3.x',
94 silly cache add   spec: '>=2.3.0 <2.4.0',
94 silly cache add   type: 'range' }
95 silly addNamed nan@>=2.3.0 <2.4.0
96 verbose addNamed ">=2.3.0 <2.4.0" is a valid semver range for nan
97 silly addNameRange { name: 'nan', range: '>=2.3.0 <2.4.0', hasData: false }
98 silly mapToRegistry name nan
99 silly mapToRegistry using default registry
100 silly mapToRegistry registry https://registry.npmjs.org/
101 silly mapToRegistry data Result {
101 silly mapToRegistry   raw: 'nan',
101 silly mapToRegistry   scope: null,
101 silly mapToRegistry   escapedName: 'nan',
101 silly mapToRegistry   name: 'nan',
101 silly mapToRegistry   rawSpec: '',
101 silly mapToRegistry   spec: 'latest',
101 silly mapToRegistry   type: 'tag' }
102 silly mapToRegistry uri https://registry.npmjs.org/nan
103 verbose addNameRange registry:https://registry.npmjs.org/nan not in flight; fetching
104 verbose get https://registry.npmjs.org/nan not expired, no request
105 silly addNameRange number 2 { name: 'nan', range: '>=2.3.0 <2.4.0', hasData: true }
106 silly addNameRange versions [ 'nan',
106 silly addNameRange   [ '0.3.0-wip',
106 silly addNameRange     '0.3.0-wip2',
106 silly addNameRange     '0.3.0',
106 silly addNameRange     '0.3.1',
106 silly addNameRange     '0.3.2',
106 silly addNameRange     '0.4.0',
106 silly addNameRange     '0.4.1',
106 silly addNameRange     '0.4.2',
106 silly addNameRange     '0.4.3',
106 silly addNameRange     '0.4.4',
106 silly addNameRange     '0.5.0',
106 silly addNameRange     '0.5.1',
106 silly addNameRange     '0.5.2',
106 silly addNameRange     '0.6.0',
106 silly addNameRange     '0.7.0',
106 silly addNameRange     '0.7.1',
106 silly addNameRange     '0.8.0',
106 silly addNameRange     '1.0.0',
106 silly addNameRange     '1.1.0',
106 silly addNameRange     '1.1.1',
106 silly addNameRange     '1.1.2',
106 silly addNameRange     '1.2.0',
106 silly addNameRange     '1.3.0',
106 silly addNameRange     '1.4.0',
106 silly addNameRange     '1.4.1',
106 silly addNameRange     '1.5.0',
106 silly addNameRange     '1.4.2',
106 silly addNameRange     '1.4.3',
106 silly addNameRange     '1.5.1',
106 silly addNameRange     '1.5.2',
106 silly addNameRange     '1.6.0',
106 silly addNameRange     '1.5.3',
106 silly addNameRange     '1.6.1',
106 silly addNameRange     '1.6.2',
106 silly addNameRange     '1.7.0',
106 silly addNameRange     '1.8.0',
106 silly addNameRange     '1.8.1',
106 silly addNameRange     '1.8.2',
106 silly addNameRange     '1.8.3',
106 silly addNameRange     '1.8.4',
106 silly addNameRange     '1.9.0',
106 silly addNameRange     '2.0.0',
106 silly addNameRange     '2.0.1',
106 silly addNameRange     '2.0.2',
106 silly addNameRange     '2.0.3',
106 silly addNameRange     '2.0.4',
106 silly addNameRange     '2.0.5',
106 silly addNameRange     '2.0.6',
106 silly addNameRange     '2.0.7',
106 silly addNameRange     '2.0.8',
106 silly addNameRange     '2.0.9',
106 silly addNameRange     '2.1.0',
106 silly addNameRange     '2.2.0',
106 silly addNameRange     '2.2.1',
106 silly addNameRange     '2.3.0',
106 silly addNameRange     '2.3.1',
106 silly addNameRange     '2.3.2',
106 silly addNameRange     '2.3.3',
106 silly addNameRange     '2.3.4',
106 silly addNameRange     '2.3.5',
106 silly addNameRange     '2.4.0',
106 silly addNameRange     '2.5.0',
106 silly addNameRange     '2.5.1',
106 silly addNameRange     '2.6.0',
106 silly addNameRange     '2.6.1',
106 silly addNameRange     '2.6.2' ] ]
107 silly pickManifestFromRegistryMetadata spec >=2.3.0 <2.4.0 tag latest versions [ '0.3.0-wip',
107 silly pickManifestFromRegistryMetadata   '0.3.0-wip2',
107 silly pickManifestFromRegistryMetadata   '0.3.0',
107 silly pickManifestFromRegistryMetadata   '0.3.1',
107 silly pickManifestFromRegistryMetadata   '0.3.2',
107 silly pickManifestFromRegistryMetadata   '0.4.0',
107 silly pickManifestFromRegistryMetadata   '0.4.1',
107 silly pickManifestFromRegistryMetadata   '0.4.2',
107 silly pickManifestFromRegistryMetadata   '0.4.3',
107 silly pickManifestFromRegistryMetadata   '0.4.4',
107 silly pickManifestFromRegistryMetadata   '0.5.0',
107 silly pickManifestFromRegistryMetadata   '0.5.1',
107 silly pickManifestFromRegistryMetadata   '0.5.2',
107 silly pickManifestFromRegistryMetadata   '0.6.0',
107 silly pickManifestFromRegistryMetadata   '0.7.0',
107 silly pickManifestFromRegistryMetadata   '0.7.1',
107 silly pickManifestFromRegistryMetadata   '0.8.0',
107 silly pickManifestFromRegistryMetadata   '1.0.0',
107 silly pickManifestFromRegistryMetadata   '1.1.0',
107 silly pickManifestFromRegistryMetadata   '1.1.1',
107 silly pickManifestFromRegistryMetadata   '1.1.2',
107 silly pickManifestFromRegistryMetadata   '1.2.0',
107 silly pickManifestFromRegistryMetadata   '1.3.0',
107 silly pickManifestFromRegistryMetadata   '1.4.0',
107 silly pickManifestFromRegistryMetadata   '1.4.1',
107 silly pickManifestFromRegistryMetadata   '1.5.0',
107 silly pickManifestFromRegistryMetadata   '1.4.2',
107 silly pickManifestFromRegistryMetadata   '1.4.3',
107 silly pickManifestFromRegistryMetadata   '1.5.1',
107 silly pickManifestFromRegistryMetadata   '1.5.2',
107 silly pickManifestFromRegistryMetadata   '1.6.0',
107 silly pickManifestFromRegistryMetadata   '1.5.3',
107 silly pickManifestFromRegistryMetadata   '1.6.1',
107 silly pickManifestFromRegistryMetadata   '1.6.2',
107 silly pickManifestFromRegistryMetadata   '1.7.0',
107 silly pickManifestFromRegistryMetadata   '1.8.0',
107 silly pickManifestFromRegistryMetadata   '1.8.1',
107 silly pickManifestFromRegistryMetadata   '1.8.2',
107 silly pickManifestFromRegistryMetadata   '1.8.3',
107 silly pickManifestFromRegistryMetadata   '1.8.4',
107 silly pickManifestFromRegistryMetadata   '1.9.0',
107 silly pickManifestFromRegistryMetadata   '2.0.0',
107 silly pickManifestFromRegistryMetadata   '2.0.1',
107 silly pickManifestFromRegistryMetadata   '2.0.2',
107 silly pickManifestFromRegistryMetadata   '2.0.3',
107 silly pickManifestFromRegistryMetadata   '2.0.4',
107 silly pickManifestFromRegistryMetadata   '2.0.5',
107 silly pickManifestFromRegistryMetadata   '2.0.6',
107 silly pickManifestFromRegistryMetadata   '2.0.7',
107 silly pickManifestFromRegistryMetadata   '2.0.8',
107 silly pickManifestFromRegistryMetadata   '2.0.9',
107 silly pickManifestFromRegistryMetadata   '2.1.0',
107 silly pickManifestFromRegistryMetadata   '2.2.0',
107 silly pickManifestFromRegistryMetadata   '2.2.1',
107 silly pickManifestFromRegistryMetadata   '2.3.0',
107 silly pickManifestFromRegistryMetadata   '2.3.1',
107 silly pickManifestFromRegistryMetadata   '2.3.2',
107 silly pickManifestFromRegistryMetadata   '2.3.3',
107 silly pickManifestFromRegistryMetadata   '2.3.4',
107 silly pickManifestFromRegistryMetadata   '2.3.5',
107 silly pickManifestFromRegistryMetadata   '2.4.0',
107 silly pickManifestFromRegistryMetadata   '2.5.0',
107 silly pickManifestFromRegistryMetadata   '2.5.1',
107 silly pickManifestFromRegistryMetadata   '2.6.0',
107 silly pickManifestFromRegistryMetadata   '2.6.1',
107 silly pickManifestFromRegistryMetadata   '2.6.2' ]
108 silly addNamed nan@2.3.5
109 verbose addNamed "2.3.5" is a plain semver version for nan
110 silly mapToRegistry name nan
111 silly mapToRegistry using default registry
112 silly mapToRegistry registry https://registry.npmjs.org/
113 silly mapToRegistry data Result {
113 silly mapToRegistry   raw: 'nan',
113 silly mapToRegistry   scope: null,
113 silly mapToRegistry   escapedName: 'nan',
113 silly mapToRegistry   name: 'nan',
113 silly mapToRegistry   rawSpec: '',
113 silly mapToRegistry   spec: 'latest',
113 silly mapToRegistry   type: 'tag' }
114 silly mapToRegistry uri https://registry.npmjs.org/nan
115 verbose addRemoteTarball https://registry.npmjs.org/nan/-/nan-2.3.5.tgz not in flight; adding
116 verbose addRemoteTarball [ 'https://registry.npmjs.org/nan/-/nan-2.3.5.tgz',
116 verbose addRemoteTarball   '822a0dc266290ce4cd3a12282ca3e7e364668a08' ]
117 info retry fetch attempt 1 at 8:46:25 PM
118 info attempt registry request try #1 at 8:46:25 PM
119 http fetch GET https://registry.npmjs.org/nan/-/nan-2.3.5.tgz
120 http fetch 200 https://registry.npmjs.org/nan/-/nan-2.3.5.tgz
121 silly fetchAndShaCheck shasum 822a0dc266290ce4cd3a12282ca3e7e364668a08
122 verbose addTmpTarball C:\Users\Lewis\AppData\Local\Temp\npm-2736-295820c3\registry.npmjs.org\nan\-\nan-2.3.5.tgz not in flight; adding
123 verbose addTmpTarball already have metadata; skipping unpack for nan@2.3.5
124 verbose correctMkdir C:\Users\Lewis\AppData\Roaming\npm-cache correctMkdir not in flight; initializing
125 silly cache afterAdd nan@2.3.5
126 verbose afterAdd C:\Users\Lewis\AppData\Roaming\npm-cache\nan\2.3.5\package\package.json not in flight; writing
127 verbose correctMkdir C:\Users\Lewis\AppData\Roaming\npm-cache correctMkdir not in flight; initializing
128 verbose afterAdd C:\Users\Lewis\AppData\Roaming\npm-cache\nan\2.3.5\package\package.json written
129 silly loadAllDepsIntoIdealTree Finishing
130 silly loadIdealTree Finishing
131 silly currentTree slack-recognitions@1.0.0
131 silly currentTree +-- @slack/client@3.10.0
131 silly currentTree +-- abstract-leveldown@2.6.1
131 silly currentTree +-- agent-base@2.1.1
131 silly currentTree +-- ajv@4.11.8
131 silly currentTree +-- ansi-regex@2.1.1
131 silly currentTree +-- aproba@1.1.2
131 silly currentTree +-- are-we-there-yet@1.1.4
131 silly currentTree +-- asn1@0.2.3
131 silly currentTree +-- assert-plus@0.2.0
131 silly currentTree +-- async@1.5.2
131 silly currentTree +-- asynckit@0.4.0
131 silly currentTree +-- aws-sign2@0.6.0
131 silly currentTree +-- aws4@1.6.0
131 silly currentTree +-- bcrypt-pbkdf@1.0.1
131 silly currentTree +-- bindings@1.2.1
131 silly currentTree +-- bl@1.2.1
131 silly currentTree +-- bluebird@3.5.0
131 silly currentTree +-- boom@2.10.1
131 silly currentTree +-- caseless@0.12.0
131 silly currentTree +-- chownr@1.0.1
131 silly currentTree +-- co@4.6.0
131 silly currentTree +-- code-point-at@1.1.0
131 silly currentTree +-- colors@1.0.3
131 silly currentTree +-- combined-stream@1.0.5
131 silly currentTree +-- commander@2.11.0
131 silly currentTree +-- console-control-strings@1.1.0
131 silly currentTree +-- core-util-is@1.0.2
131 silly currentTree +-- cryptiles@2.0.5
131 silly currentTree +-- cycle@1.0.3
131 silly currentTree +-- dashdash@1.14.1
131 silly currentTree | `-- assert-plus@1.0.0
131 silly currentTree +-- debug@2.6.8
131 silly currentTree +-- deep-extend@0.4.2
131 silly currentTree +-- deferred-leveldown@1.2.1
131 silly currentTree | `-- abstract-leveldown@2.4.1
131 silly currentTree +-- delayed-stream@1.0.0
131 silly currentTree +-- delegates@1.0.0
131 silly currentTree +-- ecc-jsbn@0.1.1
131 silly currentTree +-- end-of-stream@1.4.0
131 silly currentTree +-- errno@0.1.4
131 silly currentTree | `-- prr@0.0.0
131 silly currentTree +-- eventemitter3@1.2.0
131 silly currentTree +-- expand-template@1.0.3
131 silly currentTree +-- extend@3.0.1
131 silly currentTree +-- extsprintf@1.0.2
131 silly currentTree +-- eyes@0.1.8
131 silly currentTree +-- fast-future@1.0.2
131 silly currentTree +-- forever-agent@0.6.1
131 silly currentTree +-- form-data@2.1.4
131 silly currentTree +-- functional-red-black-tree@1.0.1
131 silly currentTree +-- gauge@2.7.4
131 silly currentTree +-- getpass@0.1.7
131 silly currentTree | `-- assert-plus@1.0.0
131 silly currentTree +-- github-from-package@0.0.0
131 silly currentTree +-- har-schema@1.0.5
131 silly currentTree +-- har-validator@4.2.1
131 silly currentTree +-- has-unicode@2.0.1
131 silly currentTree +-- hawk@3.1.3
131 silly currentTree +-- hoek@2.16.3
131 silly currentTree +-- http-signature@1.1.1
131 silly currentTree +-- https-proxy-agent@1.0.0
131 silly currentTree +-- immediate@3.2.3
131 silly currentTree +-- inherits@2.0.3
131 silly currentTree +-- ini@1.3.4
131 silly currentTree +-- is-fullwidth-code-point@1.0.0
131 silly currentTree +-- is-typedarray@1.0.0
131 silly currentTree +-- isarray@1.0.0
131 silly currentTree +-- isstream@0.1.2
131 silly currentTree +-- jsbn@0.1.1
131 silly currentTree +-- json-schema@0.2.3
131 silly currentTree +-- json-stable-stringify@1.0.1
131 silly currentTree +-- json-stringify-safe@5.0.1
131 silly currentTree +-- jsonify@0.0.0
131 silly currentTree +-- jsprim@1.4.0
131 silly currentTree | `-- assert-plus@1.0.0
131 silly currentTree +-- level-codec@6.1.0
131 silly currentTree +-- level-errors@1.0.4
131 silly currentTree +-- level-iterator-stream@1.3.1
131 silly currentTree | +-- isarray@0.0.1
131 silly currentTree | +-- readable-stream@1.1.14
131 silly currentTree | `-- string_decoder@0.10.31
131 silly currentTree +-- leveldown@1.7.2
131 silly currentTree +-- levelup@1.3.8
131 silly currentTree | `-- semver@5.1.1
131 silly currentTree +-- lodash@4.17.4
131 silly currentTree +-- ltgt@2.1.3
131 silly currentTree +-- memdown@1.2.4
131 silly currentTree | `-- abstract-leveldown@2.4.1
131 silly currentTree +-- mime-db@1.27.0
131 silly currentTree +-- mime-types@2.1.15
131 silly currentTree +-- minimist@1.2.0
131 silly currentTree +-- mkdirp@0.5.1
131 silly currentTree | `-- minimist@0.0.8
131 silly currentTree +-- moment@2.18.1
131 silly currentTree +-- ms@2.0.0
131 silly currentTree +-- nan@2.6.2
131 silly currentTree +-- node-abi@2.0.3
131 silly currentTree +-- noop-logger@0.1.1
131 silly currentTree +-- npmlog@4.1.2
131 silly currentTree +-- number-is-nan@1.0.1
131 silly currentTree +-- oauth-sign@0.8.2
131 silly currentTree +-- object-assign@4.1.1
131 silly currentTree +-- once@1.4.0
131 silly currentTree +-- options@0.0.6
131 silly currentTree +-- os-homedir@1.0.2
131 silly currentTree +-- performance-now@0.2.0
131 silly currentTree +-- pkginfo@0.4.0
131 silly currentTree +-- prebuild-install@2.2.0
131 silly currentTree +-- process-nextick-args@1.0.7
131 silly currentTree +-- prr@1.0.1
131 silly currentTree +-- pump@1.0.2
131 silly currentTree +-- punycode@1.4.1
131 silly currentTree +-- qs@6.4.0
131 silly currentTree +-- rc@1.2.1
131 silly currentTree +-- readable-stream@2.3.3
131 silly currentTree +-- request@2.81.0
131 silly currentTree +-- retry@0.9.0
131 silly currentTree +-- safe-buffer@5.1.1
131 silly currentTree +-- semver@5.0.3
131 silly currentTree +-- set-blocking@2.0.0
131 silly currentTree +-- signal-exit@3.0.2
131 silly currentTree +-- simple-get@1.4.3
131 silly currentTree +-- simple-node-db@0.91.14
131 silly currentTree +-- simple-node-logger@0.93.28
131 silly currentTree +-- sntp@1.0.9
131 silly currentTree +-- sshpk@1.13.1
131 silly currentTree | `-- assert-plus@1.0.0
131 silly currentTree +-- stack-trace@0.0.10
131 silly currentTree +-- string_decoder@1.0.3
131 silly currentTree +-- string-width@1.0.2
131 silly currentTree +-- stringstream@0.0.5
131 silly currentTree +-- strip-ansi@3.0.1
131 silly currentTree +-- strip-json-comments@2.0.1
131 silly currentTree +-- tar-fs@1.15.3
131 silly currentTree +-- tar-stream@1.5.4
131 silly currentTree +-- tough-cookie@2.3.2
131 silly currentTree +-- tunnel-agent@0.6.0
131 silly currentTree +-- tweetnacl@0.14.5
131 silly currentTree +-- ulid@0.1.0
131 silly currentTree +-- ultron@1.0.2
131 silly currentTree +-- unzip-response@1.0.2
131 silly currentTree +-- url-join@0.0.1
131 silly currentTree +-- util-deprecate@1.0.2
131 silly currentTree +-- uuid@3.1.0
131 silly currentTree +-- verror@1.3.6
131 silly currentTree +-- wide-align@1.1.2
131 silly currentTree +-- winston@2.3.1
131 silly currentTree | `-- async@1.0.0
131 silly currentTree +-- wrappy@1.0.2
131 silly currentTree +-- ws@1.1.4
131 silly currentTree `-- xtend@4.0.1
132 silly idealTree slack-recognitions@1.0.0
132 silly idealTree +-- @slack/client@3.10.0
132 silly idealTree +-- abstract-leveldown@2.6.1
132 silly idealTree +-- agent-base@2.1.1
132 silly idealTree +-- ajv@4.11.8
132 silly idealTree +-- ansi-regex@2.1.1
132 silly idealTree +-- aproba@1.1.2
132 silly idealTree +-- are-we-there-yet@1.1.4
132 silly idealTree +-- asn1@0.2.3
132 silly idealTree +-- assert-plus@0.2.0
132 silly idealTree +-- async@1.5.2
132 silly idealTree +-- asynckit@0.4.0
132 silly idealTree +-- aws-sign2@0.6.0
132 silly idealTree +-- aws4@1.6.0
132 silly idealTree +-- bcrypt-pbkdf@1.0.1
132 silly idealTree +-- bindings@1.2.1
132 silly idealTree +-- bl@1.2.1
132 silly idealTree +-- bluebird@3.5.0
132 silly idealTree +-- boom@2.10.1
132 silly idealTree +-- caseless@0.12.0
132 silly idealTree +-- chownr@1.0.1
132 silly idealTree +-- co@4.6.0
132 silly idealTree +-- code-point-at@1.1.0
132 silly idealTree +-- colors@1.0.3
132 silly idealTree +-- combined-stream@1.0.5
132 silly idealTree +-- commander@2.11.0
132 silly idealTree +-- console-control-strings@1.1.0
132 silly idealTree +-- core-util-is@1.0.2
132 silly idealTree +-- cryptiles@2.0.5
132 silly idealTree +-- cycle@1.0.3
132 silly idealTree +-- dashdash@1.14.1
132 silly idealTree | `-- assert-plus@1.0.0
132 silly idealTree +-- debug@2.6.8
132 silly idealTree +-- deep-extend@0.4.2
132 silly idealTree +-- deferred-leveldown@1.2.1
132 silly idealTree | `-- abstract-leveldown@2.4.1
132 silly idealTree +-- delayed-stream@1.0.0
132 silly idealTree +-- delegates@1.0.0
132 silly idealTree +-- ecc-jsbn@0.1.1
132 silly idealTree +-- end-of-stream@1.4.0
132 silly idealTree +-- errno@0.1.4
132 silly idealTree | `-- prr@0.0.0
132 silly idealTree +-- eventemitter3@1.2.0
132 silly idealTree +-- expand-template@1.0.3
132 silly idealTree +-- extend@3.0.1
132 silly idealTree +-- extsprintf@1.0.2
132 silly idealTree +-- eyes@0.1.8
132 silly idealTree +-- fast-future@1.0.2
132 silly idealTree +-- forever-agent@0.6.1
132 silly idealTree +-- form-data@2.1.4
132 silly idealTree +-- functional-red-black-tree@1.0.1
132 silly idealTree +-- gauge@2.7.4
132 silly idealTree +-- getpass@0.1.7
132 silly idealTree | `-- assert-plus@1.0.0
132 silly idealTree +-- github-from-package@0.0.0
132 silly idealTree +-- har-schema@1.0.5
132 silly idealTree +-- har-validator@4.2.1
132 silly idealTree +-- has-unicode@2.0.1
132 silly idealTree +-- hawk@3.1.3
132 silly idealTree +-- hoek@2.16.3
132 silly idealTree +-- http-signature@1.1.1
132 silly idealTree +-- https-proxy-agent@1.0.0
132 silly idealTree +-- immediate@3.2.3
132 silly idealTree +-- inherits@2.0.3
132 silly idealTree +-- ini@1.3.4
132 silly idealTree +-- is-fullwidth-code-point@1.0.0
132 silly idealTree +-- is-typedarray@1.0.0
132 silly idealTree +-- isarray@1.0.0
132 silly idealTree +-- isstream@0.1.2
132 silly idealTree +-- jsbn@0.1.1
132 silly idealTree +-- json-schema@0.2.3
132 silly idealTree +-- json-stable-stringify@1.0.1
132 silly idealTree +-- json-stringify-safe@5.0.1
132 silly idealTree +-- jsonify@0.0.0
132 silly idealTree +-- jsprim@1.4.0
132 silly idealTree | `-- assert-plus@1.0.0
132 silly idealTree +-- level-codec@6.1.0
132 silly idealTree +-- level-errors@1.0.4
132 silly idealTree +-- level-iterator-stream@1.3.1
132 silly idealTree | +-- isarray@0.0.1
132 silly idealTree | +-- readable-stream@1.1.14
132 silly idealTree | `-- string_decoder@0.10.31
132 silly idealTree +-- leveldown@1.7.2
132 silly idealTree +-- levelup@1.3.8
132 silly idealTree | `-- semver@5.1.1
132 silly idealTree +-- lodash@4.17.4
132 silly idealTree +-- ltgt@2.1.3
132 silly idealTree +-- memdown@1.2.4
132 silly idealTree | `-- abstract-leveldown@2.4.1
132 silly idealTree +-- mime-db@1.27.0
132 silly idealTree +-- mime-types@2.1.15
132 silly idealTree +-- minimist@1.2.0
132 silly idealTree +-- mkdirp@0.5.1
132 silly idealTree | `-- minimist@0.0.8
132 silly idealTree +-- moment@2.18.1
132 silly idealTree +-- ms@2.0.0
132 silly idealTree +-- nan@2.6.2
132 silly idealTree +-- node-abi@2.0.3
132 silly idealTree +-- noop-logger@0.1.1
132 silly idealTree +-- npmlog@4.1.2
132 silly idealTree +-- number-is-nan@1.0.1
132 silly idealTree +-- oauth-sign@0.8.2
132 silly idealTree +-- object-assign@4.1.1
132 silly idealTree +-- once@1.4.0
132 silly idealTree +-- options@0.0.6
132 silly idealTree +-- os-homedir@1.0.2
132 silly idealTree +-- os-service@1.4.1
132 silly idealTree | `-- nan@2.3.5
132 silly idealTree +-- performance-now@0.2.0
132 silly idealTree +-- pkginfo@0.4.0
132 silly idealTree +-- prebuild-install@2.2.0
132 silly idealTree +-- process-nextick-args@1.0.7
132 silly idealTree +-- prr@1.0.1
132 silly idealTree +-- pump@1.0.2
132 silly idealTree +-- punycode@1.4.1
132 silly idealTree +-- qs@6.4.0
132 silly idealTree +-- rc@1.2.1
132 silly idealTree +-- readable-stream@2.3.3
132 silly idealTree +-- request@2.81.0
132 silly idealTree +-- retry@0.9.0
132 silly idealTree +-- safe-buffer@5.1.1
132 silly idealTree +-- semver@5.0.3
132 silly idealTree +-- set-blocking@2.0.0
132 silly idealTree +-- signal-exit@3.0.2
132 silly idealTree +-- simple-get@1.4.3
132 silly idealTree +-- simple-node-db@0.91.14
132 silly idealTree +-- simple-node-logger@0.93.28
132 silly idealTree +-- sntp@1.0.9
132 silly idealTree +-- sshpk@1.13.1
132 silly idealTree | `-- assert-plus@1.0.0
132 silly idealTree +-- stack-trace@0.0.10
132 silly idealTree +-- string_decoder@1.0.3
132 silly idealTree +-- string-width@1.0.2
132 silly idealTree +-- stringstream@0.0.5
132 silly idealTree +-- strip-ansi@3.0.1
132 silly idealTree +-- strip-json-comments@2.0.1
132 silly idealTree +-- tar-fs@1.15.3
132 silly idealTree +-- tar-stream@1.5.4
132 silly idealTree +-- tough-cookie@2.3.2
132 silly idealTree +-- tunnel-agent@0.6.0
132 silly idealTree +-- tweetnacl@0.14.5
132 silly idealTree +-- ulid@0.1.0
132 silly idealTree +-- ultron@1.0.2
132 silly idealTree +-- unzip-response@1.0.2
132 silly idealTree +-- url-join@0.0.1
132 silly idealTree +-- util-deprecate@1.0.2
132 silly idealTree +-- uuid@3.1.0
132 silly idealTree +-- verror@1.3.6
132 silly idealTree +-- wide-align@1.1.2
132 silly idealTree +-- winston@2.3.1
132 silly idealTree | `-- async@1.0.0
132 silly idealTree +-- wrappy@1.0.2
132 silly idealTree +-- ws@1.1.4
132 silly idealTree `-- xtend@4.0.1
133 silly generateActionsToTake Starting
134 silly install generateActionsToTake
135 silly generateActionsToTake Finishing
136 silly diffTrees action count 2
137 silly diffTrees add nan@2.3.5
138 silly diffTrees add os-service@1.4.1
139 silly decomposeActions action count 16
140 silly decomposeActions fetch nan@2.3.5
141 silly decomposeActions extract nan@2.3.5
142 silly decomposeActions test nan@2.3.5
143 silly decomposeActions preinstall nan@2.3.5
144 silly decomposeActions build nan@2.3.5
145 silly decomposeActions install nan@2.3.5
146 silly decomposeActions postinstall nan@2.3.5
147 silly decomposeActions finalize nan@2.3.5
148 silly decomposeActions fetch os-service@1.4.1
149 silly decomposeActions extract os-service@1.4.1
150 silly decomposeActions test os-service@1.4.1
151 silly decomposeActions preinstall os-service@1.4.1
152 silly decomposeActions build os-service@1.4.1
153 silly decomposeActions install os-service@1.4.1
154 silly decomposeActions postinstall os-service@1.4.1
155 silly decomposeActions finalize os-service@1.4.1
156 silly runTopLevelLifecycles Starting
157 silly executeActions Starting
158 silly install executeActions
159 silly doSerial global-install 0
160 silly doParallel fetch 2
161 verbose correctMkdir C:\Users\Lewis\AppData\Roaming\npm-cache\_locks correctMkdir not in flight; initializing
162 verbose lock using C:\Users\Lewis\AppData\Roaming\npm-cache\_locks\staging-6f55e75e1ba58b94.lock for H:\Dev\slack-recognitions\node_modules\.staging
163 silly doParallel extract 2
164 silly extract nan@2.3.5
165 silly extract os-service@1.4.1
166 verbose unbuild node_modules\.staging\nan-1dc6649f
167 verbose unbuild node_modules\.staging\os-service-b3bf47fc
168 silly gentlyRm H:\Dev\slack-recognitions\node_modules\.staging\nan-1dc6649f is being purged from base H:\Dev\slack-recognitions
169 verbose gentlyRm don't care about contents; nuking H:\Dev\slack-recognitions\node_modules\.staging\nan-1dc6649f
170 silly gentlyRm H:\Dev\slack-recognitions\node_modules\.staging\os-service-b3bf47fc is being purged from base H:\Dev\slack-recognitions
171 verbose gentlyRm don't care about contents; nuking H:\Dev\slack-recognitions\node_modules\.staging\os-service-b3bf47fc
172 verbose tar unpack C:\Users\Lewis\AppData\Roaming\npm-cache\nan\2.3.5\package.tgz
173 verbose tar unpacking to H:\Dev\slack-recognitions\node_modules\.staging\nan-1dc6649f
174 silly gentlyRm H:\Dev\slack-recognitions\node_modules\.staging\nan-1dc6649f is being purged
175 verbose gentlyRm don't care about contents; nuking H:\Dev\slack-recognitions\node_modules\.staging\nan-1dc6649f
176 verbose tar unpack C:\Users\Lewis\AppData\Roaming\npm-cache\os-service\1.4.1\package.tgz
177 verbose tar unpacking to H:\Dev\slack-recognitions\node_modules\.staging\os-service-b3bf47fc
178 silly gentlyRm H:\Dev\slack-recognitions\node_modules\.staging\os-service-b3bf47fc is being purged
179 verbose gentlyRm don't care about contents; nuking H:\Dev\slack-recognitions\node_modules\.staging\os-service-b3bf47fc
180 silly gunzTarPerm modes [ '777', '666' ]
181 silly gunzTarPerm modes [ '777', '666' ]
182 silly gunzTarPerm extractEntry package.json
183 silly gunzTarPerm modified mode [ 'package.json', 436, 438 ]
184 silly gunzTarPerm extractEntry package.json
185 silly gunzTarPerm modified mode [ 'package.json', 436, 438 ]
186 silly gunzTarPerm extractEntry .npmignore
187 silly gunzTarPerm modified mode [ '.npmignore', 436, 438 ]
188 silly gunzTarPerm extractEntry README.md
189 silly gunzTarPerm modified mode [ 'README.md', 436, 438 ]
190 silly gunzTarPerm extractEntry index.js
191 silly gunzTarPerm modified mode [ 'index.js', 436, 438 ]
192 silly gunzTarPerm extractEntry README.md
193 silly gunzTarPerm modified mode [ 'README.md', 436, 438 ]
194 silly gunzTarPerm extractEntry include_dirs.js
195 silly gunzTarPerm modified mode [ 'include_dirs.js', 436, 438 ]
196 silly gunzTarPerm extractEntry nan_converters.h
197 silly gunzTarPerm modified mode [ 'nan_converters.h', 436, 438 ]
198 silly gunzTarPerm extractEntry LICENSE.md
199 silly gunzTarPerm modified mode [ 'LICENSE.md', 436, 438 ]
200 silly gunzTarPerm extractEntry doc/node_misc.md
201 silly gunzTarPerm modified mode [ 'doc/node_misc.md', 436, 438 ]
202 silly gunzTarPerm extractEntry doc/asyncworker.md
203 silly gunzTarPerm modified mode [ 'doc/asyncworker.md', 436, 438 ]
204 silly gunzTarPerm extractEntry doc/callback.md
205 silly gunzTarPerm modified mode [ 'doc/callback.md', 436, 438 ]
206 silly gunzTarPerm extractEntry doc/converters.md
207 silly gunzTarPerm modified mode [ 'doc/converters.md', 436, 438 ]
208 silly gunzTarPerm extractEntry doc/errors.md
209 silly gunzTarPerm modified mode [ 'doc/errors.md', 436, 438 ]
210 silly gunzTarPerm extractEntry doc/maybe_types.md
211 silly gunzTarPerm modified mode [ 'doc/maybe_types.md', 436, 438 ]
212 silly gunzTarPerm extractEntry doc/methods.md
213 silly gunzTarPerm modified mode [ 'doc/methods.md', 436, 438 ]
214 silly gunzTarPerm extractEntry doc/new.md
215 silly gunzTarPerm modified mode [ 'doc/new.md', 436, 438 ]
216 silly gunzTarPerm extractEntry doc/buffers.md
217 silly gunzTarPerm modified mode [ 'doc/buffers.md', 436, 438 ]
218 silly gunzTarPerm extractEntry doc/object_wrappers.md
219 silly gunzTarPerm modified mode [ 'doc/object_wrappers.md', 436, 438 ]
220 silly gunzTarPerm extractEntry doc/persistent.md
221 silly gunzTarPerm modified mode [ 'doc/persistent.md', 436, 438 ]
222 silly gunzTarPerm extractEntry doc/scopes.md
223 silly gunzTarPerm modified mode [ 'doc/scopes.md', 436, 438 ]
224 silly gunzTarPerm extractEntry doc/script.md
225 silly gunzTarPerm modified mode [ 'doc/script.md', 436, 438 ]
226 silly gunzTarPerm extractEntry doc/string_bytes.md
227 silly gunzTarPerm modified mode [ 'doc/string_bytes.md', 436, 438 ]
228 silly gunzTarPerm extractEntry doc/v8_internals.md
229 silly gunzTarPerm modified mode [ 'doc/v8_internals.md', 436, 438 ]
230 silly gunzTarPerm extractEntry doc/v8_misc.md
231 silly gunzTarPerm modified mode [ 'doc/v8_misc.md', 436, 438 ]
232 silly gunzTarPerm extractEntry nan.h
233 silly gunzTarPerm modified mode [ 'nan.h', 436, 438 ]
234 silly gunzTarPerm extractEntry nan_callbacks.h
235 silly gunzTarPerm modified mode [ 'nan_callbacks.h', 436, 438 ]
236 silly gunzTarPerm extractEntry nan_callbacks_12_inl.h
237 silly gunzTarPerm modified mode [ 'nan_callbacks_12_inl.h', 436, 438 ]
238 silly gunzTarPerm extractEntry nan_callbacks_pre_12_inl.h
239 silly gunzTarPerm modified mode [ 'nan_callbacks_pre_12_inl.h', 436, 438 ]
240 silly gunzTarPerm extractEntry nan_converters_43_inl.h
241 silly gunzTarPerm modified mode [ 'nan_converters_43_inl.h', 436, 438 ]
242 silly gunzTarPerm extractEntry nan_converters_pre_43_inl.h
243 silly gunzTarPerm modified mode [ 'nan_converters_pre_43_inl.h', 436, 438 ]
244 silly gunzTarPerm extractEntry nan_implementation_12_inl.h
245 silly gunzTarPerm modified mode [ 'nan_implementation_12_inl.h', 436, 438 ]
246 silly gunzTarPerm extractEntry nan_implementation_pre_12_inl.h
247 silly gunzTarPerm modified mode [ 'nan_implementation_pre_12_inl.h', 436, 438 ]
248 silly gunzTarPerm extractEntry nan_maybe_43_inl.h
249 silly gunzTarPerm modified mode [ 'nan_maybe_43_inl.h', 436, 438 ]
250 silly gunzTarPerm extractEntry nan_maybe_pre_43_inl.h
251 silly gunzTarPerm modified mode [ 'nan_maybe_pre_43_inl.h', 436, 438 ]
252 silly gunzTarPerm extractEntry nan_new.h
253 silly gunzTarPerm modified mode [ 'nan_new.h', 436, 438 ]
254 silly gunzTarPerm extractEntry nan_object_wrap.h
255 silly gunzTarPerm modified mode [ 'nan_object_wrap.h', 436, 438 ]
256 silly gunzTarPerm extractEntry nan_persistent_12_inl.h
257 silly gunzTarPerm modified mode [ 'nan_persistent_12_inl.h', 436, 438 ]
258 silly gunzTarPerm extractEntry nan_persistent_pre_12_inl.h
259 silly gunzTarPerm modified mode [ 'nan_persistent_pre_12_inl.h', 436, 438 ]
260 silly gunzTarPerm extractEntry nan_string_bytes.h
261 silly gunzTarPerm modified mode [ 'nan_string_bytes.h', 436, 438 ]
262 silly gunzTarPerm extractEntry nan_typedarray_contents.h
263 silly gunzTarPerm modified mode [ 'nan_typedarray_contents.h', 436, 438 ]
264 silly gunzTarPerm extractEntry nan_weak.h
265 silly gunzTarPerm modified mode [ 'nan_weak.h', 436, 438 ]
266 silly gunzTarPerm extractEntry CHANGELOG.md
267 silly gunzTarPerm modified mode [ 'CHANGELOG.md', 436, 438 ]
268 silly gunzTarPerm extractEntry tools/package.json
269 silly gunzTarPerm modified mode [ 'tools/package.json', 436, 438 ]
270 silly gunzTarPerm extractEntry tools/README.md
271 silly gunzTarPerm modified mode [ 'tools/README.md', 436, 438 ]
272 silly gunzTarPerm extractEntry tools/1to2.js
273 silly gunzTarPerm modified mode [ 'tools/1to2.js', 509, 511 ]
274 silly gunzTarPerm extractEntry binding.gyp
275 silly gunzTarPerm modified mode [ 'binding.gyp', 436, 438 ]
276 silly gunzTarPerm extractEntry example/periodic-logger.js
277 silly gunzTarPerm modified mode [ 'example/periodic-logger.js', 436, 438 ]
278 silly gunzTarPerm extractEntry src/pthread.cc
279 silly gunzTarPerm modified mode [ 'src/pthread.cc', 436, 438 ]
280 silly gunzTarPerm extractEntry src/pthread.h
281 silly gunzTarPerm modified mode [ 'src/pthread.h', 436, 438 ]
282 silly gunzTarPerm extractEntry src/service.cc
283 silly gunzTarPerm modified mode [ 'src/service.cc', 436, 438 ]
284 silly gunzTarPerm extractEntry src/service.h
285 silly gunzTarPerm modified mode [ 'src/service.h', 436, 438 ]
286 silly gentlyRm H:\Dev\slack-recognitions\node_modules\.staging\os-service-b3bf47fc\node_modules is being purged
287 verbose gentlyRm don't care about contents; nuking H:\Dev\slack-recognitions\node_modules\.staging\os-service-b3bf47fc\node_modules
288 silly gentlyRm H:\Dev\slack-recognitions\node_modules\.staging\nan-1dc6649f\node_modules is being purged
289 verbose gentlyRm don't care about contents; nuking H:\Dev\slack-recognitions\node_modules\.staging\nan-1dc6649f\node_modules
290 silly doParallel preinstall 2
291 silly preinstall nan@2.3.5
292 info lifecycle nan@2.3.5~preinstall: nan@2.3.5
293 silly preinstall os-service@1.4.1
294 info lifecycle os-service@1.4.1~preinstall: os-service@1.4.1
295 silly lifecycle nan@2.3.5~preinstall: no script for preinstall, continuing
296 silly lifecycle os-service@1.4.1~preinstall: no script for preinstall, continuing
297 silly doReverseSerial remove 0
298 silly doSerial move 0
299 silly doSerial finalize 2
300 silly finalize H:\Dev\slack-recognitions\node_modules\os-service\node_modules\nan
301 silly finalize H:\Dev\slack-recognitions\node_modules\os-service
302 silly doSerial build 2
303 silly build nan@2.3.5
304 info linkStuff nan@2.3.5
305 silly linkStuff nan@2.3.5 has H:\Dev\slack-recognitions\node_modules\os-service\node_modules as its parent node_modules
306 verbose linkBins nan@2.3.5
307 verbose linkMans nan@2.3.5
308 silly build os-service@1.4.1
309 info linkStuff os-service@1.4.1
310 silly linkStuff os-service@1.4.1 has H:\Dev\slack-recognitions\node_modules as its parent node_modules
311 verbose linkBins os-service@1.4.1
312 verbose linkMans os-service@1.4.1
313 silly doSerial global-link 0
314 silly doParallel update-linked 0
315 silly doSerial install 2
316 silly install nan@2.3.5
317 info lifecycle nan@2.3.5~install: nan@2.3.5
318 silly lifecycle nan@2.3.5~install: no script for install, continuing
319 silly install os-service@1.4.1
320 info lifecycle os-service@1.4.1~install: os-service@1.4.1
321 verbose lifecycle os-service@1.4.1~install: unsafe-perm in lifecycle true
322 verbose lifecycle os-service@1.4.1~install: PATH: C:\Users\Lewis\AppData\Roaming\npm\node_modules\npm\bin\node-gyp-bin;H:\Dev\slack-recognitions\node_modules\os-service\node_modules\.bin;H:\Dev\slack-recognitions\node_modules\.bin;C:\Program Files\ImageMagick-6.9.1-Q16;C:\ProgramData\Oracle\Java\javapath;C:\Windows\system32;C:\Windows;C:\Windows\System32\Wbem;C:\Windows\System32\WindowsPowerShell\v1.0\;C:\Program Files (x86)\AMD\ATI.ACE\Core-Static;C:\WINDOWS\system32;C:\WINDOWS;C:\WINDOWS\System32\Wbem;C:\WINDOWS\System32\WindowsPowerShell\v1.0\;C:\Program Files (x86)\ATI Technologies\ATI.ACE\Core-Static;C:\Program Files\Git\cmd;C:\Program Files (x86)\Heroku\bin;C:\Program Files (x86)\git\cmd;C:\Program Files\nodejs\;C:\Program Files (x86)\Microsoft VS Code\bin;C:\Users\Lewis\AppData\Local\Microsoft\WindowsApps;C:\Users\Lewis\AppData\Roaming\npm;
323 verbose lifecycle os-service@1.4.1~install: CWD: H:\Dev\slack-recognitions\node_modules\os-service
324 silly lifecycle os-service@1.4.1~install: Args: [ '/d /s /c', 'node-gyp rebuild' ]
325 silly lifecycle os-service@1.4.1~install: Returned: code: 1  signal: null
326 info lifecycle os-service@1.4.1~install: Failed to exec install script
327 verbose unlock done using C:\Users\Lewis\AppData\Roaming\npm-cache\_locks\staging-6f55e75e1ba58b94.lock for H:\Dev\slack-recognitions\node_modules\.staging
328 silly rollbackFailedOptional Starting
329 silly gentlyRm H:\Dev\slack-recognitions\node_modules\os-service\node_modules\nan is being purged from base H:\Dev\slack-recognitions
330 verbose gentlyRm don't care about contents; nuking H:\Dev\slack-recognitions\node_modules\os-service\node_modules\nan
331 silly gentlyRm H:\Dev\slack-recognitions\node_modules\os-service\node_modules\nan is being purged from base H:\Dev\slack-recognitions
332 verbose gentlyRm don't care about contents; nuking H:\Dev\slack-recognitions\node_modules\os-service\node_modules\nan
333 silly gentlyRm H:\Dev\slack-recognitions\node_modules\os-service\node_modules\nan is being purged from base H:\Dev\slack-recognitions
334 verbose gentlyRm don't care about contents; nuking H:\Dev\slack-recognitions\node_modules\os-service\node_modules\nan
335 silly gentlyRm H:\Dev\slack-recognitions\node_modules\os-service\node_modules\nan is being purged from base H:\Dev\slack-recognitions
336 verbose gentlyRm don't care about contents; nuking H:\Dev\slack-recognitions\node_modules\os-service\node_modules\nan
337 silly gentlyRm H:\Dev\slack-recognitions\node_modules\os-service\node_modules\nan is being purged from base H:\Dev\slack-recognitions
338 verbose gentlyRm don't care about contents; nuking H:\Dev\slack-recognitions\node_modules\os-service\node_modules\nan
339 silly gentlyRm H:\Dev\slack-recognitions\node_modules\os-service\node_modules\nan is being purged from base H:\Dev\slack-recognitions
340 verbose gentlyRm don't care about contents; nuking H:\Dev\slack-recognitions\node_modules\os-service\node_modules\nan
341 silly gentlyRm H:\Dev\slack-recognitions\node_modules\os-service\node_modules\nan is being purged from base H:\Dev\slack-recognitions
342 verbose gentlyRm don't care about contents; nuking H:\Dev\slack-recognitions\node_modules\os-service\node_modules\nan
343 silly gentlyRm H:\Dev\slack-recognitions\node_modules\os-service\node_modules\nan is being purged from base H:\Dev\slack-recognitions
344 verbose gentlyRm don't care about contents; nuking H:\Dev\slack-recognitions\node_modules\os-service\node_modules\nan
345 silly gentlyRm H:\Dev\slack-recognitions\node_modules\os-service is being purged from base H:\Dev\slack-recognitions
346 verbose gentlyRm don't care about contents; nuking H:\Dev\slack-recognitions\node_modules\os-service
347 silly gentlyRm H:\Dev\slack-recognitions\node_modules\os-service is being purged from base H:\Dev\slack-recognitions
348 verbose gentlyRm don't care about contents; nuking H:\Dev\slack-recognitions\node_modules\os-service
349 silly gentlyRm H:\Dev\slack-recognitions\node_modules\os-service is being purged from base H:\Dev\slack-recognitions
350 verbose gentlyRm don't care about contents; nuking H:\Dev\slack-recognitions\node_modules\os-service
351 silly gentlyRm H:\Dev\slack-recognitions\node_modules\os-service is being purged from base H:\Dev\slack-recognitions
352 verbose gentlyRm don't care about contents; nuking H:\Dev\slack-recognitions\node_modules\os-service
353 silly gentlyRm H:\Dev\slack-recognitions\node_modules\os-service is being purged from base H:\Dev\slack-recognitions
354 verbose gentlyRm don't care about contents; nuking H:\Dev\slack-recognitions\node_modules\os-service
355 silly gentlyRm H:\Dev\slack-recognitions\node_modules\os-service is being purged from base H:\Dev\slack-recognitions
356 verbose gentlyRm don't care about contents; nuking H:\Dev\slack-recognitions\node_modules\os-service
357 silly gentlyRm H:\Dev\slack-recognitions\node_modules\os-service is being purged from base H:\Dev\slack-recognitions
358 verbose gentlyRm don't care about contents; nuking H:\Dev\slack-recognitions\node_modules\os-service
359 silly gentlyRm H:\Dev\slack-recognitions\node_modules\os-service is being purged from base H:\Dev\slack-recognitions
360 verbose gentlyRm don't care about contents; nuking H:\Dev\slack-recognitions\node_modules\os-service
361 silly vacuum-fs purging H:\Dev\slack-recognitions\node_modules\os-service\node_modules\nan
362 silly vacuum-fs purging H:\Dev\slack-recognitions\node_modules\os-service\node_modules\nan
363 silly vacuum-fs purging H:\Dev\slack-recognitions\node_modules\os-service\node_modules\nan
364 silly vacuum-fs purging H:\Dev\slack-recognitions\node_modules\os-service\node_modules\nan
365 silly vacuum-fs purging H:\Dev\slack-recognitions\node_modules\os-service\node_modules\nan
366 silly vacuum-fs purging H:\Dev\slack-recognitions\node_modules\os-service\node_modules\nan
367 silly vacuum-fs purging H:\Dev\slack-recognitions\node_modules\os-service\node_modules\nan
368 silly vacuum-fs purging H:\Dev\slack-recognitions\node_modules\os-service\node_modules\nan
369 silly vacuum-fs purging H:\Dev\slack-recognitions\node_modules\os-service
370 silly vacuum-fs purging H:\Dev\slack-recognitions\node_modules\os-service
371 silly vacuum-fs purging H:\Dev\slack-recognitions\node_modules\os-service
372 silly vacuum-fs purging H:\Dev\slack-recognitions\node_modules\os-service
373 silly vacuum-fs purging H:\Dev\slack-recognitions\node_modules\os-service
374 silly vacuum-fs purging H:\Dev\slack-recognitions\node_modules\os-service
375 silly vacuum-fs purging H:\Dev\slack-recognitions\node_modules\os-service
376 silly vacuum-fs purging H:\Dev\slack-recognitions\node_modules\os-service
377 silly vacuum-fs removing H:\Dev\slack-recognitions\node_modules\os-service\node_modules
378 silly vacuum-fs removing H:\Dev\slack-recognitions\node_modules\os-service\node_modules
379 silly vacuum-fs removing H:\Dev\slack-recognitions\node_modules\os-service\node_modules
380 silly vacuum-fs removing H:\Dev\slack-recognitions\node_modules\os-service\node_modules
381 silly vacuum-fs quitting because other entries in H:\Dev\slack-recognitions\node_modules
382 silly vacuum-fs quitting because other entries in H:\Dev\slack-recognitions\node_modules
383 silly vacuum-fs quitting because other entries in H:\Dev\slack-recognitions\node_modules
384 silly vacuum-fs quitting because other entries in H:\Dev\slack-recognitions\node_modules
385 silly vacuum-fs quitting because other entries in H:\Dev\slack-recognitions\node_modules
386 silly vacuum-fs quitting because other entries in H:\Dev\slack-recognitions\node_modules
387 silly vacuum-fs quitting because other entries in H:\Dev\slack-recognitions\node_modules
388 silly vacuum-fs quitting because other entries in H:\Dev\slack-recognitions\node_modules
389 silly rollbackFailedOptional Finishing
390 silly runTopLevelLifecycles Finishing
391 silly install printInstalled
392 verbose stack Error: os-service@1.4.1 install: `node-gyp rebuild`
392 verbose stack Exit status 1
392 verbose stack     at EventEmitter.<anonymous> (C:\Users\Lewis\AppData\Roaming\npm\node_modules\npm\lib\utils\lifecycle.js:279:16)
392 verbose stack     at emitTwo (events.js:106:13)
392 verbose stack     at EventEmitter.emit (events.js:191:7)
392 verbose stack     at ChildProcess.<anonymous> (C:\Users\Lewis\AppData\Roaming\npm\node_modules\npm\lib\utils\spawn.js:40:14)
392 verbose stack     at emitTwo (events.js:106:13)
392 verbose stack     at ChildProcess.emit (events.js:191:7)
392 verbose stack     at maybeClose (internal/child_process.js:877:16)
392 verbose stack     at Process.ChildProcess._handle.onexit (internal/child_process.js:226:5)
393 verbose pkgid os-service@1.4.1
394 verbose cwd H:\Dev\slack-recognitions
395 error Windows_NT 10.0.15063
396 error argv "C:\\Program Files\\nodejs\\node.exe" "C:\\Users\\Lewis\\AppData\\Roaming\\npm\\node_modules\\npm\\bin\\npm-cli.js" "install" "os-service"
397 error node v6.9.4
398 error npm  v4.1.2
399 error code ELIFECYCLE
400 error os-service@1.4.1 install: `node-gyp rebuild`
400 error Exit status 1
401 error Failed at the os-service@1.4.1 install script 'node-gyp rebuild'.
401 error Make sure you have the latest version of node.js and npm installed.
401 error If you do, this is most likely a problem with the os-service package,
401 error not with npm itself.
401 error Tell the author that this fails on your system:
401 error     node-gyp rebuild
401 error You can get information on how to open an issue for this project with:
401 error     npm bugs os-service
401 error Or if that isn't available, you can get their info via:
401 error     npm owner ls os-service
401 error There is likely additional logging output above.
402 verbose exit [ 1, true ]
